<?xml version="1.0" encoding="UTF-8"?>
<testng-results skipped="0" failed="0" ignored="0" total="1" passed="1">
  <reporter-output>
  </reporter-output>
  <suite name="Suite" duration-ms="7656" started-at="2021-07-14T21:06:37 EDT" finished-at="2021-07-14T21:06:45 EDT">
    <groups>
    </groups>
    <test name="Test" duration-ms="7656" started-at="2021-07-14T21:06:37 EDT" finished-at="2021-07-14T21:06:45 EDT">
      <class name="classAction.ContextClickTest">
        <test-method status="PASS" signature="setUp()[pri:0, instance:classAction.ContextClickTest@64f6106c]" name="setUp" is-config="true" duration-ms="4016" started-at="2021-07-14T21:06:37 EDT" finished-at="2021-07-14T21:06:41 EDT">
          <reporter-output>
          </reporter-output>
        </test-method> <!-- setUp -->
        <test-method status="PASS" signature="clickTest()[pri:0, instance:classAction.ContextClickTest@64f6106c]" name="clickTest" duration-ms="3584" started-at="2021-07-14T21:06:41 EDT" finished-at="2021-07-14T21:06:45 EDT">
          <reporter-output>
          </reporter-output>
        </test-method> <!-- clickTest -->
        <test-method status="PASS" signature="tearDown()[pri:0, instance:classAction.ContextClickTest@64f6106c]" name="tearDown" is-config="true" duration-ms="0" started-at="2021-07-14T21:06:45 EDT" finished-at="2021-07-14T21:06:45 EDT">
          <reporter-output>
          </reporter-output>
        </test-method> <!-- tearDown -->
      </class> <!-- classAction.ContextClickTest -->
    </test> <!-- Test -->
  </suite> <!-- Suite -->
</testng-results>
