<?xml version="1.0" encoding="UTF-8"?>
<testng-results ignored="0" total="1" passed="1" failed="0" skipped="0">
  <reporter-output>
  </reporter-output>
  <suite started-at="2021-07-14T20:31:39 EDT" name="Default suite" finished-at="2021-07-14T20:31:51 EDT" duration-ms="12297">
    <groups>
    </groups>
    <test started-at="2021-07-14T20:31:39 EDT" name="Default test" finished-at="2021-07-14T20:31:51 EDT" duration-ms="12297">
      <class name="classAction.homePageTest">
        <test-method is-config="true" signature="setUp()[pri:0, instance:classAction.homePageTest@6c1a5b54]" started-at="2021-07-14T20:31:39 EDT" name="setUp" finished-at="2021-07-14T20:31:43 EDT" duration-ms="4021" status="PASS">
          <reporter-output>
          </reporter-output>
        </test-method> <!-- setUp -->
        <test-method signature="moveToTest()[pri:0, instance:classAction.homePageTest@6c1a5b54]" started-at="2021-07-14T20:31:43 EDT" name="moveToTest" finished-at="2021-07-14T20:31:51 EDT" duration-ms="8210" status="PASS">
          <reporter-output>
          </reporter-output>
        </test-method> <!-- moveToTest -->
        <test-method is-config="true" signature="tearDown()[pri:0, instance:classAction.homePageTest@6c1a5b54]" started-at="2021-07-14T20:31:51 EDT" name="tearDown" finished-at="2021-07-14T20:31:51 EDT" duration-ms="0" status="PASS">
          <reporter-output>
          </reporter-output>
        </test-method> <!-- tearDown -->
      </class> <!-- classAction.homePageTest -->
    </test> <!-- Default test -->
  </suite> <!-- Default suite -->
</testng-results>
